{"/Users/davide/Sites/mongoprofile/mongoprofile/test/test.js":{"path":"/Users/davide/Sites/mongoprofile/mongoprofile/test/test.js","s":{"1":1,"2":1,"3":1,"4":1,"5":1,"6":1,"7":1,"8":1,"9":0,"10":0,"11":0,"12":0,"13":0,"14":0,"15":0,"16":0,"17":0,"18":0,"19":0,"20":0,"21":0,"22":0,"23":0,"24":0,"25":0,"26":0,"27":0,"28":0,"29":0},"b":{},"f":{"1":0,"2":0,"3":0,"4":0,"5":0,"6":0,"7":0,"8":0,"9":0,"10":0,"11":0,"12":0,"13":0,"14":0,"15":0},"fnMap":{"1":{"name":"(anonymous_1)","line":15,"loc":{"start":{"line":15,"column":40},"end":{"line":15,"column":50}}},"2":{"name":"(anonymous_2)","line":17,"loc":{"start":{"line":17,"column":15},"end":{"line":17,"column":25}}},"3":{"name":"(anonymous_3)","line":23,"loc":{"start":{"line":23,"column":27},"end":{"line":23,"column":39}}},"4":{"name":"(anonymous_4)","line":24,"loc":{"start":{"line":24,"column":41},"end":{"line":24,"column":57}}},"5":{"name":"(anonymous_5)","line":31,"loc":{"start":{"line":31,"column":43},"end":{"line":31,"column":55}}},"6":{"name":"(anonymous_6)","line":32,"loc":{"start":{"line":32,"column":41},"end":{"line":32,"column":57}}},"7":{"name":"(anonymous_7)","line":39,"loc":{"start":{"line":39,"column":39},"end":{"line":39,"column":50}}},"8":{"name":"(anonymous_8)","line":40,"loc":{"start":{"line":40,"column":44},"end":{"line":40,"column":60}}},"9":{"name":"(anonymous_9)","line":48,"loc":{"start":{"line":48,"column":42},"end":{"line":48,"column":53}}},"10":{"name":"(anonymous_10)","line":49,"loc":{"start":{"line":49,"column":36},"end":{"line":49,"column":52}}},"11":{"name":"(anonymous_11)","line":57,"loc":{"start":{"line":57,"column":23},"end":{"line":57,"column":34}}},"12":{"name":"(anonymous_12)","line":58,"loc":{"start":{"line":58,"column":45},"end":{"line":58,"column":61}}},"13":{"name":"(anonymous_13)","line":68,"loc":{"start":{"line":68,"column":67},"end":{"line":68,"column":78}}},"14":{"name":"(anonymous_14)","line":69,"loc":{"start":{"line":69,"column":36},"end":{"line":69,"column":52}}},"15":{"name":"(anonymous_15)","line":80,"loc":{"start":{"line":80,"column":14},"end":{"line":80,"column":24}}}},"statementMap":{"1":{"start":{"line":5,"column":0},"end":{"line":5,"column":31}},"2":{"start":{"line":6,"column":0},"end":{"line":6,"column":27}},"3":{"start":{"line":7,"column":0},"end":{"line":7,"column":37}},"4":{"start":{"line":8,"column":0},"end":{"line":8,"column":33}},"5":{"start":{"line":9,"column":0},"end":{"line":9,"column":52}},"6":{"start":{"line":10,"column":0},"end":{"line":10,"column":31}},"7":{"start":{"line":11,"column":0},"end":{"line":11,"column":25}},"8":{"start":{"line":15,"column":0},"end":{"line":83,"column":3}},"9":{"start":{"line":16,"column":4},"end":{"line":16,"column":36}},"10":{"start":{"line":17,"column":4},"end":{"line":19,"column":7}},"11":{"start":{"line":23,"column":4},"end":{"line":29,"column":7}},"12":{"start":{"line":24,"column":8},"end":{"line":28,"column":10}},"13":{"start":{"line":25,"column":12},"end":{"line":27,"column":33}},"14":{"start":{"line":31,"column":4},"end":{"line":37,"column":7}},"15":{"start":{"line":32,"column":8},"end":{"line":36,"column":10}},"16":{"start":{"line":33,"column":12},"end":{"line":35,"column":33}},"17":{"start":{"line":39,"column":4},"end":{"line":46,"column":7}},"18":{"start":{"line":40,"column":8},"end":{"line":45,"column":10}},"19":{"start":{"line":41,"column":12},"end":{"line":44,"column":33}},"20":{"start":{"line":48,"column":4},"end":{"line":55,"column":7}},"21":{"start":{"line":49,"column":8},"end":{"line":54,"column":10}},"22":{"start":{"line":50,"column":12},"end":{"line":53,"column":47}},"23":{"start":{"line":57,"column":4},"end":{"line":65,"column":7}},"24":{"start":{"line":58,"column":8},"end":{"line":64,"column":10}},"25":{"start":{"line":59,"column":12},"end":{"line":63,"column":47}},"26":{"start":{"line":68,"column":4},"end":{"line":75,"column":7}},"27":{"start":{"line":69,"column":8},"end":{"line":74,"column":10}},"28":{"start":{"line":70,"column":12},"end":{"line":73,"column":47}},"29":{"start":{"line":80,"column":4},"end":{"line":82,"column":6}}},"branchMap":{}}}