TN:
SF:/Users/davide/Sites/mongoprofile/mongoprofile/test/test.js
FN:15,(anonymous_1)
FN:17,(anonymous_2)
FN:23,(anonymous_3)
FN:24,(anonymous_4)
FN:31,(anonymous_5)
FN:32,(anonymous_6)
FN:39,(anonymous_7)
FN:40,(anonymous_8)
FN:48,(anonymous_9)
FN:49,(anonymous_10)
FN:57,(anonymous_11)
FN:58,(anonymous_12)
FN:68,(anonymous_13)
FN:69,(anonymous_14)
FN:80,(anonymous_15)
FNF:15
FNH:0
FNDA:0,(anonymous_1)
FNDA:0,(anonymous_2)
FNDA:0,(anonymous_3)
FNDA:0,(anonymous_4)
FNDA:0,(anonymous_5)
FNDA:0,(anonymous_6)
FNDA:0,(anonymous_7)
FNDA:0,(anonymous_8)
FNDA:0,(anonymous_9)
FNDA:0,(anonymous_10)
FNDA:0,(anonymous_11)
FNDA:0,(anonymous_12)
FNDA:0,(anonymous_13)
FNDA:0,(anonymous_14)
FNDA:0,(anonymous_15)
DA:5,1
DA:6,1
DA:7,1
DA:8,1
DA:9,1
DA:10,1
DA:11,1
DA:15,1
DA:16,0
DA:17,0
DA:23,0
DA:24,0
DA:25,0
DA:31,0
DA:32,0
DA:33,0
DA:39,0
DA:40,0
DA:41,0
DA:48,0
DA:49,0
DA:50,0
DA:57,0
DA:58,0
DA:59,0
DA:68,0
DA:69,0
DA:70,0
DA:80,0
LF:29
LH:8
BRF:0
BRH:0
end_of_record
