{"/Users/davide/Sites/mongoprofile/mongoprofile/app.js":{"path":"/Users/davide/Sites/mongoprofile/mongoprofile/app.js","s":{"1":1,"2":1,"3":1,"4":1,"5":1,"6":1,"7":1,"8":1,"9":1,"10":1,"11":1,"12":1,"13":1,"14":1,"15":1,"16":1,"17":1,"18":0,"19":0,"20":0,"21":1,"22":1,"23":0,"24":0,"25":1,"26":0,"27":0,"28":1},"b":{"1":[1,0],"2":[0,0],"3":[0,0]},"f":{"1":0,"2":0,"3":0},"fnMap":{"1":{"name":"(anonymous_1)","line":30,"loc":{"start":{"line":30,"column":8},"end":{"line":30,"column":33}}},"2":{"name":"(anonymous_2)","line":37,"loc":{"start":{"line":37,"column":10},"end":{"line":37,"column":40}}},"3":{"name":"(anonymous_3)","line":48,"loc":{"start":{"line":48,"column":8},"end":{"line":48,"column":38}}}},"statementMap":{"1":{"start":{"line":1,"column":0},"end":{"line":1,"column":33}},"2":{"start":{"line":2,"column":0},"end":{"line":2,"column":27}},"3":{"start":{"line":3,"column":0},"end":{"line":3,"column":39}},"4":{"start":{"line":4,"column":0},"end":{"line":4,"column":31}},"5":{"start":{"line":5,"column":0},"end":{"line":5,"column":44}},"6":{"start":{"line":6,"column":0},"end":{"line":6,"column":40}},"7":{"start":{"line":8,"column":0},"end":{"line":8,"column":39}},"8":{"start":{"line":12,"column":0},"end":{"line":12,"column":20}},"9":{"start":{"line":15,"column":0},"end":{"line":15,"column":48}},"10":{"start":{"line":16,"column":0},"end":{"line":16,"column":30}},"11":{"start":{"line":20,"column":0},"end":{"line":20,"column":23}},"12":{"start":{"line":21,"column":0},"end":{"line":21,"column":27}},"13":{"start":{"line":22,"column":0},"end":{"line":22,"column":52}},"14":{"start":{"line":23,"column":0},"end":{"line":23,"column":24}},"15":{"start":{"line":24,"column":0},"end":{"line":24,"column":56}},"16":{"start":{"line":26,"column":0},"end":{"line":26,"column":21}},"17":{"start":{"line":30,"column":0},"end":{"line":34,"column":3}},"18":{"start":{"line":31,"column":2},"end":{"line":31,"column":35}},"19":{"start":{"line":32,"column":2},"end":{"line":32,"column":19}},"20":{"start":{"line":33,"column":2},"end":{"line":33,"column":12}},"21":{"start":{"line":36,"column":0},"end":{"line":44,"column":1}},"22":{"start":{"line":37,"column":2},"end":{"line":43,"column":5}},"23":{"start":{"line":38,"column":4},"end":{"line":38,"column":34}},"24":{"start":{"line":39,"column":4},"end":{"line":42,"column":7}},"25":{"start":{"line":48,"column":0},"end":{"line":54,"column":3}},"26":{"start":{"line":49,"column":2},"end":{"line":49,"column":32}},"27":{"start":{"line":50,"column":2},"end":{"line":53,"column":5}},"28":{"start":{"line":57,"column":0},"end":{"line":57,"column":21}}},"branchMap":{"1":{"line":36,"type":"if","locations":[{"start":{"line":36,"column":0},"end":{"line":36,"column":0}},{"start":{"line":36,"column":0},"end":{"line":36,"column":0}}]},"2":{"line":38,"type":"binary-expr","locations":[{"start":{"line":38,"column":15},"end":{"line":38,"column":25}},{"start":{"line":38,"column":29},"end":{"line":38,"column":32}}]},"3":{"line":49,"type":"binary-expr","locations":[{"start":{"line":49,"column":13},"end":{"line":49,"column":23}},{"start":{"line":49,"column":27},"end":{"line":49,"column":30}}]}}},"/Users/davide/Sites/mongoprofile/mongoprofile/routes/index.js":{"path":"/Users/davide/Sites/mongoprofile/mongoprofile/routes/index.js","s":{"1":1,"2":1,"3":1,"4":1,"5":1,"6":1,"7":1,"8":1,"9":1,"10":1,"11":1,"12":1,"13":1,"14":1,"15":1,"16":1,"17":1,"18":1,"19":1,"20":1,"21":1,"22":1,"23":1,"24":1,"25":1,"26":1,"27":1,"28":1,"29":1,"30":0,"31":0,"32":0,"33":1,"34":1,"35":1,"36":1,"37":1,"38":1,"39":1,"40":1,"41":1,"42":1,"43":1,"44":1,"45":1,"46":1,"47":0,"48":0,"49":0,"50":0,"51":1,"52":1,"53":1,"54":1,"55":1,"56":1,"57":1,"58":1,"59":1,"60":1,"61":1,"62":1,"63":1,"64":1,"65":1,"66":0,"67":0,"68":0,"69":0,"70":0,"71":0,"72":1,"73":1,"74":1,"75":1,"76":1,"77":1,"78":1,"79":1,"80":1,"81":1,"82":1,"83":1,"84":1,"85":1,"86":1,"87":1,"88":1,"89":1,"90":1,"91":1,"92":1,"93":1,"94":1,"95":1,"96":1,"97":1,"98":1,"99":1,"100":1,"101":1,"102":1,"103":1,"104":1,"105":1,"106":1,"107":1,"108":1,"109":1,"110":1,"111":1,"112":1,"113":1,"114":1,"115":1,"116":1,"117":1,"118":1,"119":1,"120":1,"121":1,"122":1,"123":1,"124":1,"125":1,"126":1,"127":1,"128":1,"129":1,"130":1,"131":1,"132":1,"133":1,"134":1,"135":1,"136":1,"137":1,"138":1,"139":1,"140":1,"141":1,"142":1,"143":1,"144":1,"145":1,"146":1,"147":1,"148":1,"149":1,"150":1,"151":1,"152":1,"153":1,"154":1,"155":1,"156":1,"157":1,"158":1,"159":0,"160":0,"161":1,"162":1,"163":1,"164":1,"165":1,"166":1,"167":1,"168":1,"169":1,"170":1,"171":1,"172":1,"173":1,"174":1,"175":1,"176":1,"177":0,"178":1,"179":1,"180":1,"181":1,"182":1,"183":1,"184":1,"185":1,"186":0,"187":0,"188":0,"189":0,"190":0,"191":0,"192":0,"193":1,"194":4,"195":4,"196":4,"197":4,"198":1,"199":0,"200":0,"201":0,"202":1,"203":2,"204":2,"205":1,"206":1,"207":1},"b":{"1":[0,1],"2":[0,1],"3":[0,1],"4":[1,0]},"f":{"1":1,"2":1,"3":1,"4":1,"5":1,"6":0,"7":1,"8":1,"9":1,"10":0,"11":1,"12":1,"13":0,"14":0,"15":1,"16":1,"17":1,"18":1,"19":1,"20":1,"21":1,"22":1,"23":1,"24":1,"25":1,"26":1,"27":1,"28":1,"29":1,"30":1,"31":1,"32":1,"33":1,"34":1,"35":1,"36":1,"37":1,"38":1,"39":1,"40":0,"41":0,"42":1,"43":1,"44":1,"45":1,"46":0,"47":0,"48":4,"49":4,"50":0,"51":0,"52":2},"fnMap":{"1":{"name":"(anonymous_1)","line":14,"loc":{"start":{"line":14,"column":16},"end":{"line":14,"column":42}}},"2":{"name":"(anonymous_2)","line":17,"loc":{"start":{"line":17,"column":47},"end":{"line":17,"column":66}}},"3":{"name":"(anonymous_3)","line":24,"loc":{"start":{"line":24,"column":50},"end":{"line":24,"column":76}}},"4":{"name":"(anonymous_4)","line":33,"loc":{"start":{"line":33,"column":38},"end":{"line":33,"column":58}}},"5":{"name":"(anonymous_5)","line":40,"loc":{"start":{"line":40,"column":57},"end":{"line":40,"column":83}}},"6":{"name":"(anonymous_6)","line":52,"loc":{"start":{"line":52,"column":58},"end":{"line":52,"column":78}}},"7":{"name":"(anonymous_7)","line":57,"loc":{"start":{"line":57,"column":55},"end":{"line":57,"column":75}}},"8":{"name":"(anonymous_8)","line":61,"loc":{"start":{"line":61,"column":38},"end":{"line":61,"column":58}}},"9":{"name":"(anonymous_9)","line":68,"loc":{"start":{"line":68,"column":54},"end":{"line":68,"column":80}}},"10":{"name":"(anonymous_10)","line":82,"loc":{"start":{"line":82,"column":61},"end":{"line":82,"column":78}}},"11":{"name":"(anonymous_11)","line":88,"loc":{"start":{"line":88,"column":57},"end":{"line":88,"column":75}}},"12":{"name":"(anonymous_12)","line":96,"loc":{"start":{"line":96,"column":54},"end":{"line":96,"column":80}}},"13":{"name":"(anonymous_13)","line":113,"loc":{"start":{"line":113,"column":72},"end":{"line":113,"column":92}}},"14":{"name":"(anonymous_14)","line":116,"loc":{"start":{"line":116,"column":46},"end":{"line":116,"column":66}}},"15":{"name":"(anonymous_15)","line":123,"loc":{"start":{"line":123,"column":69},"end":{"line":123,"column":89}}},"16":{"name":"(anonymous_16)","line":126,"loc":{"start":{"line":126,"column":46},"end":{"line":126,"column":66}}},"17":{"name":"(anonymous_17)","line":134,"loc":{"start":{"line":134,"column":51},"end":{"line":134,"column":77}}},"18":{"name":"(anonymous_18)","line":144,"loc":{"start":{"line":144,"column":46},"end":{"line":144,"column":66}}},"19":{"name":"(anonymous_19)","line":148,"loc":{"start":{"line":148,"column":42},"end":{"line":148,"column":62}}},"20":{"name":"(anonymous_20)","line":156,"loc":{"start":{"line":156,"column":39},"end":{"line":156,"column":65}}},"21":{"name":"(anonymous_21)","line":160,"loc":{"start":{"line":160,"column":35},"end":{"line":160,"column":50}}},"22":{"name":"(anonymous_22)","line":167,"loc":{"start":{"line":167,"column":40},"end":{"line":167,"column":66}}},"23":{"name":"(anonymous_23)","line":172,"loc":{"start":{"line":172,"column":57},"end":{"line":172,"column":84}}},"24":{"name":"(anonymous_24)","line":174,"loc":{"start":{"line":174,"column":39},"end":{"line":174,"column":54}}},"25":{"name":"(anonymous_25)","line":179,"loc":{"start":{"line":179,"column":50},"end":{"line":179,"column":76}}},"26":{"name":"(anonymous_26)","line":186,"loc":{"start":{"line":186,"column":73},"end":{"line":186,"column":104}}},"27":{"name":"(anonymous_27)","line":188,"loc":{"start":{"line":188,"column":39},"end":{"line":188,"column":54}}},"28":{"name":"(anonymous_28)","line":195,"loc":{"start":{"line":195,"column":53},"end":{"line":195,"column":79}}},"29":{"name":"(anonymous_29)","line":201,"loc":{"start":{"line":201,"column":50},"end":{"line":201,"column":74}}},"30":{"name":"(anonymous_30)","line":203,"loc":{"start":{"line":203,"column":39},"end":{"line":203,"column":54}}},"31":{"name":"(anonymous_31)","line":212,"loc":{"start":{"line":212,"column":28},"end":{"line":212,"column":54}}},"32":{"name":"(anonymous_32)","line":213,"loc":{"start":{"line":213,"column":37},"end":{"line":213,"column":57}}},"33":{"name":"(anonymous_33)","line":226,"loc":{"start":{"line":226,"column":29},"end":{"line":226,"column":55}}},"34":{"name":"(anonymous_34)","line":230,"loc":{"start":{"line":230,"column":54},"end":{"line":230,"column":81}}},"35":{"name":"(anonymous_35)","line":233,"loc":{"start":{"line":233,"column":56},"end":{"line":233,"column":79}}},"36":{"name":"(anonymous_36)","line":236,"loc":{"start":{"line":236,"column":41},"end":{"line":236,"column":61}}},"37":{"name":"(anonymous_37)","line":243,"loc":{"start":{"line":243,"column":41},"end":{"line":243,"column":67}}},"38":{"name":"(anonymous_38)","line":246,"loc":{"start":{"line":246,"column":32},"end":{"line":246,"column":55}}},"39":{"name":"(anonymous_39)","line":248,"loc":{"start":{"line":248,"column":41},"end":{"line":248,"column":61}}},"40":{"name":"(anonymous_40)","line":255,"loc":{"start":{"line":255,"column":38},"end":{"line":255,"column":64}}},"41":{"name":"(anonymous_41)","line":256,"loc":{"start":{"line":256,"column":64},"end":{"line":256,"column":87}}},"42":{"name":"(anonymous_42)","line":261,"loc":{"start":{"line":261,"column":48},"end":{"line":261,"column":74}}},"43":{"name":"(anonymous_43)","line":266,"loc":{"start":{"line":266,"column":35},"end":{"line":266,"column":56}}},"44":{"name":"(anonymous_44)","line":273,"loc":{"start":{"line":273,"column":49},"end":{"line":273,"column":75}}},"45":{"name":"(anonymous_45)","line":287,"loc":{"start":{"line":287,"column":49},"end":{"line":287,"column":71}}},"46":{"name":"(anonymous_46)","line":294,"loc":{"start":{"line":294,"column":32},"end":{"line":294,"column":54}}},"47":{"name":"(anonymous_47)","line":309,"loc":{"start":{"line":309,"column":23},"end":{"line":309,"column":44}}},"48":{"name":"(anonymous_48)","line":316,"loc":{"start":{"line":316,"column":21},"end":{"line":316,"column":43}}},"49":{"name":"(anonymous_49)","line":317,"loc":{"start":{"line":317,"column":33},"end":{"line":317,"column":60}}},"50":{"name":"(anonymous_50)","line":325,"loc":{"start":{"line":325,"column":18},"end":{"line":325,"column":53}}},"51":{"name":"(anonymous_51)","line":326,"loc":{"start":{"line":326,"column":49},"end":{"line":326,"column":66}}},"52":{"name":"(anonymous_52)","line":331,"loc":{"start":{"line":331,"column":16},"end":{"line":331,"column":31}}}},"statementMap":{"1":{"start":{"line":1,"column":0},"end":{"line":1,"column":33}},"2":{"start":{"line":2,"column":0},"end":{"line":2,"column":30}},"3":{"start":{"line":4,"column":0},"end":{"line":4,"column":33}},"4":{"start":{"line":5,"column":0},"end":{"line":5,"column":35}},"5":{"start":{"line":7,"column":0},"end":{"line":7,"column":49}},"6":{"start":{"line":8,"column":0},"end":{"line":8,"column":29}},"7":{"start":{"line":9,"column":0},"end":{"line":9,"column":32}},"8":{"start":{"line":11,"column":0},"end":{"line":11,"column":17}},"9":{"start":{"line":14,"column":0},"end":{"line":16,"column":3}},"10":{"start":{"line":15,"column":4},"end":{"line":15,"column":44}},"11":{"start":{"line":17,"column":4},"end":{"line":314,"column":6}},"12":{"start":{"line":19,"column":8},"end":{"line":19,"column":35}},"13":{"start":{"line":24,"column":8},"end":{"line":38,"column":11}},"14":{"start":{"line":26,"column":12},"end":{"line":26,"column":45}},"15":{"start":{"line":27,"column":12},"end":{"line":27,"column":55}},"16":{"start":{"line":29,"column":12},"end":{"line":29,"column":39}},"17":{"start":{"line":30,"column":12},"end":{"line":30,"column":41}},"18":{"start":{"line":31,"column":12},"end":{"line":31,"column":63}},"19":{"start":{"line":33,"column":12},"end":{"line":37,"column":14}},"20":{"start":{"line":34,"column":16},"end":{"line":34,"column":43}},"21":{"start":{"line":35,"column":16},"end":{"line":35,"column":48}},"22":{"start":{"line":40,"column":8},"end":{"line":65,"column":11}},"23":{"start":{"line":42,"column":12},"end":{"line":42,"column":45}},"24":{"start":{"line":43,"column":12},"end":{"line":43,"column":55}},"25":{"start":{"line":45,"column":12},"end":{"line":45,"column":39}},"26":{"start":{"line":46,"column":12},"end":{"line":46,"column":41}},"27":{"start":{"line":47,"column":12},"end":{"line":47,"column":63}},"28":{"start":{"line":49,"column":12},"end":{"line":49,"column":35}},"29":{"start":{"line":50,"column":12},"end":{"line":60,"column":13}},"30":{"start":{"line":51,"column":16},"end":{"line":51,"column":49}},"31":{"start":{"line":52,"column":16},"end":{"line":54,"column":19}},"32":{"start":{"line":53,"column":20},"end":{"line":53,"column":37}},"33":{"start":{"line":57,"column":16},"end":{"line":59,"column":19}},"34":{"start":{"line":58,"column":20},"end":{"line":58,"column":37}},"35":{"start":{"line":61,"column":12},"end":{"line":64,"column":14}},"36":{"start":{"line":62,"column":16},"end":{"line":62,"column":48}},"37":{"start":{"line":68,"column":8},"end":{"line":93,"column":11}},"38":{"start":{"line":70,"column":12},"end":{"line":70,"column":45}},"39":{"start":{"line":71,"column":12},"end":{"line":71,"column":55}},"40":{"start":{"line":73,"column":12},"end":{"line":73,"column":39}},"41":{"start":{"line":74,"column":12},"end":{"line":74,"column":41}},"42":{"start":{"line":75,"column":12},"end":{"line":75,"column":63}},"43":{"start":{"line":77,"column":12},"end":{"line":77,"column":32}},"44":{"start":{"line":78,"column":12},"end":{"line":78,"column":35}},"45":{"start":{"line":79,"column":12},"end":{"line":79,"column":46}},"46":{"start":{"line":80,"column":12},"end":{"line":92,"column":13}},"47":{"start":{"line":81,"column":16},"end":{"line":81,"column":48}},"48":{"start":{"line":82,"column":16},"end":{"line":85,"column":18}},"49":{"start":{"line":83,"column":20},"end":{"line":83,"column":45}},"50":{"start":{"line":84,"column":20},"end":{"line":84,"column":48}},"51":{"start":{"line":88,"column":16},"end":{"line":91,"column":18}},"52":{"start":{"line":89,"column":20},"end":{"line":89,"column":47}},"53":{"start":{"line":90,"column":20},"end":{"line":90,"column":48}},"54":{"start":{"line":96,"column":8},"end":{"line":132,"column":11}},"55":{"start":{"line":97,"column":12},"end":{"line":97,"column":41}},"56":{"start":{"line":98,"column":12},"end":{"line":98,"column":34}},"57":{"start":{"line":99,"column":12},"end":{"line":99,"column":44}},"58":{"start":{"line":100,"column":12},"end":{"line":100,"column":34}},"59":{"start":{"line":101,"column":12},"end":{"line":101,"column":47}},"60":{"start":{"line":103,"column":12},"end":{"line":103,"column":45}},"61":{"start":{"line":104,"column":12},"end":{"line":104,"column":55}},"62":{"start":{"line":106,"column":12},"end":{"line":106,"column":39}},"63":{"start":{"line":107,"column":12},"end":{"line":107,"column":63}},"64":{"start":{"line":109,"column":12},"end":{"line":109,"column":35}},"65":{"start":{"line":110,"column":12},"end":{"line":131,"column":13}},"66":{"start":{"line":111,"column":16},"end":{"line":111,"column":48}},"67":{"start":{"line":113,"column":16},"end":{"line":120,"column":18}},"68":{"start":{"line":114,"column":20},"end":{"line":114,"column":37}},"69":{"start":{"line":115,"column":20},"end":{"line":115,"column":45}},"70":{"start":{"line":116,"column":20},"end":{"line":119,"column":23}},"71":{"start":{"line":118,"column":24},"end":{"line":118,"column":56}},"72":{"start":{"line":123,"column":16},"end":{"line":130,"column":18}},"73":{"start":{"line":124,"column":20},"end":{"line":124,"column":37}},"74":{"start":{"line":125,"column":20},"end":{"line":125,"column":45}},"75":{"start":{"line":126,"column":20},"end":{"line":129,"column":23}},"76":{"start":{"line":128,"column":24},"end":{"line":128,"column":56}},"77":{"start":{"line":134,"column":8},"end":{"line":154,"column":11}},"78":{"start":{"line":135,"column":12},"end":{"line":135,"column":41}},"79":{"start":{"line":136,"column":12},"end":{"line":136,"column":34}},"80":{"start":{"line":137,"column":12},"end":{"line":137,"column":44}},"81":{"start":{"line":138,"column":12},"end":{"line":138,"column":47}},"82":{"start":{"line":139,"column":12},"end":{"line":139,"column":45}},"83":{"start":{"line":140,"column":12},"end":{"line":140,"column":55}},"84":{"start":{"line":142,"column":12},"end":{"line":142,"column":39}},"85":{"start":{"line":143,"column":12},"end":{"line":143,"column":63}},"86":{"start":{"line":144,"column":12},"end":{"line":152,"column":15}},"87":{"start":{"line":145,"column":16},"end":{"line":145,"column":55}},"88":{"start":{"line":146,"column":16},"end":{"line":146,"column":38}},"89":{"start":{"line":147,"column":16},"end":{"line":147,"column":49}},"90":{"start":{"line":148,"column":16},"end":{"line":151,"column":18}},"91":{"start":{"line":149,"column":20},"end":{"line":149,"column":52}},"92":{"start":{"line":150,"column":20},"end":{"line":150,"column":40}},"93":{"start":{"line":156,"column":8},"end":{"line":165,"column":11}},"94":{"start":{"line":157,"column":12},"end":{"line":157,"column":45}},"95":{"start":{"line":158,"column":12},"end":{"line":158,"column":32}},"96":{"start":{"line":159,"column":12},"end":{"line":159,"column":39}},"97":{"start":{"line":160,"column":12},"end":{"line":164,"column":14}},"98":{"start":{"line":161,"column":16},"end":{"line":161,"column":48}},"99":{"start":{"line":162,"column":16},"end":{"line":162,"column":29}},"100":{"start":{"line":163,"column":16},"end":{"line":163,"column":38}},"101":{"start":{"line":167,"column":8},"end":{"line":178,"column":11}},"102":{"start":{"line":168,"column":12},"end":{"line":168,"column":45}},"103":{"start":{"line":169,"column":12},"end":{"line":169,"column":39}},"104":{"start":{"line":170,"column":12},"end":{"line":170,"column":52}},"105":{"start":{"line":171,"column":12},"end":{"line":171,"column":45}},"106":{"start":{"line":172,"column":12},"end":{"line":177,"column":15}},"107":{"start":{"line":173,"column":16},"end":{"line":173,"column":54}},"108":{"start":{"line":174,"column":16},"end":{"line":176,"column":19}},"109":{"start":{"line":175,"column":20},"end":{"line":175,"column":52}},"110":{"start":{"line":179,"column":8},"end":{"line":193,"column":10}},"111":{"start":{"line":180,"column":12},"end":{"line":180,"column":49}},"112":{"start":{"line":181,"column":12},"end":{"line":181,"column":45}},"113":{"start":{"line":182,"column":12},"end":{"line":182,"column":55}},"114":{"start":{"line":183,"column":12},"end":{"line":183,"column":52}},"115":{"start":{"line":184,"column":12},"end":{"line":184,"column":45}},"116":{"start":{"line":185,"column":12},"end":{"line":185,"column":39}},"117":{"start":{"line":186,"column":12},"end":{"line":191,"column":14}},"118":{"start":{"line":187,"column":16},"end":{"line":187,"column":43}},"119":{"start":{"line":188,"column":16},"end":{"line":190,"column":18}},"120":{"start":{"line":189,"column":20},"end":{"line":189,"column":52}},"121":{"start":{"line":195,"column":8},"end":{"line":207,"column":10}},"122":{"start":{"line":196,"column":12},"end":{"line":196,"column":56}},"123":{"start":{"line":197,"column":12},"end":{"line":197,"column":45}},"124":{"start":{"line":198,"column":12},"end":{"line":198,"column":39}},"125":{"start":{"line":199,"column":12},"end":{"line":199,"column":55}},"126":{"start":{"line":200,"column":12},"end":{"line":200,"column":40}},"127":{"start":{"line":201,"column":12},"end":{"line":206,"column":14}},"128":{"start":{"line":202,"column":16},"end":{"line":202,"column":43}},"129":{"start":{"line":203,"column":16},"end":{"line":205,"column":18}},"130":{"start":{"line":204,"column":20},"end":{"line":204,"column":52}},"131":{"start":{"line":212,"column":8},"end":{"line":224,"column":10}},"132":{"start":{"line":213,"column":12},"end":{"line":223,"column":14}},"133":{"start":{"line":214,"column":16},"end":{"line":214,"column":38}},"134":{"start":{"line":215,"column":16},"end":{"line":215,"column":50}},"135":{"start":{"line":216,"column":16},"end":{"line":216,"column":41}},"136":{"start":{"line":217,"column":16},"end":{"line":220,"column":19}},"137":{"start":{"line":221,"column":16},"end":{"line":221,"column":29}},"138":{"start":{"line":222,"column":16},"end":{"line":222,"column":38}},"139":{"start":{"line":226,"column":8},"end":{"line":241,"column":10}},"140":{"start":{"line":227,"column":12},"end":{"line":227,"column":39}},"141":{"start":{"line":228,"column":12},"end":{"line":228,"column":32}},"142":{"start":{"line":229,"column":12},"end":{"line":229,"column":39}},"143":{"start":{"line":230,"column":12},"end":{"line":240,"column":15}},"144":{"start":{"line":231,"column":16},"end":{"line":231,"column":54}},"145":{"start":{"line":233,"column":16},"end":{"line":235,"column":18}},"146":{"start":{"line":234,"column":20},"end":{"line":234,"column":65}},"147":{"start":{"line":236,"column":16},"end":{"line":239,"column":18}},"148":{"start":{"line":237,"column":20},"end":{"line":237,"column":77}},"149":{"start":{"line":238,"column":20},"end":{"line":238,"column":50}},"150":{"start":{"line":243,"column":8},"end":{"line":253,"column":10}},"151":{"start":{"line":244,"column":12},"end":{"line":244,"column":45}},"152":{"start":{"line":245,"column":12},"end":{"line":245,"column":39}},"153":{"start":{"line":246,"column":12},"end":{"line":252,"column":14}},"154":{"start":{"line":247,"column":16},"end":{"line":247,"column":62}},"155":{"start":{"line":248,"column":16},"end":{"line":251,"column":18}},"156":{"start":{"line":249,"column":20},"end":{"line":249,"column":77}},"157":{"start":{"line":250,"column":20},"end":{"line":250,"column":50}},"158":{"start":{"line":255,"column":8},"end":{"line":259,"column":10}},"159":{"start":{"line":256,"column":12},"end":{"line":258,"column":14}},"160":{"start":{"line":257,"column":16},"end":{"line":257,"column":43}},"161":{"start":{"line":261,"column":8},"end":{"line":271,"column":10}},"162":{"start":{"line":262,"column":12},"end":{"line":262,"column":45}},"163":{"start":{"line":263,"column":12},"end":{"line":263,"column":31}},"164":{"start":{"line":264,"column":12},"end":{"line":264,"column":39}},"165":{"start":{"line":265,"column":12},"end":{"line":265,"column":41}},"166":{"start":{"line":266,"column":12},"end":{"line":270,"column":14}},"167":{"start":{"line":267,"column":16},"end":{"line":267,"column":43}},"168":{"start":{"line":268,"column":16},"end":{"line":268,"column":34}},"169":{"start":{"line":269,"column":16},"end":{"line":269,"column":39}},"170":{"start":{"line":273,"column":8},"end":{"line":292,"column":10}},"171":{"start":{"line":274,"column":12},"end":{"line":274,"column":26}},"172":{"start":{"line":275,"column":12},"end":{"line":275,"column":45}},"173":{"start":{"line":276,"column":12},"end":{"line":276,"column":38}},"174":{"start":{"line":277,"column":12},"end":{"line":277,"column":31}},"175":{"start":{"line":279,"column":12},"end":{"line":282,"column":34}},"176":{"start":{"line":280,"column":16},"end":{"line":280,"column":40}},"177":{"start":{"line":282,"column":16},"end":{"line":282,"column":34}},"178":{"start":{"line":284,"column":12},"end":{"line":284,"column":39}},"179":{"start":{"line":285,"column":12},"end":{"line":285,"column":39}},"180":{"start":{"line":286,"column":12},"end":{"line":286,"column":41}},"181":{"start":{"line":287,"column":12},"end":{"line":291,"column":14}},"182":{"start":{"line":288,"column":16},"end":{"line":288,"column":43}},"183":{"start":{"line":289,"column":16},"end":{"line":289,"column":35}},"184":{"start":{"line":290,"column":16},"end":{"line":290,"column":47}},"185":{"start":{"line":294,"column":8},"end":{"line":313,"column":10}},"186":{"start":{"line":295,"column":12},"end":{"line":295,"column":42}},"187":{"start":{"line":296,"column":12},"end":{"line":296,"column":63}},"188":{"start":{"line":297,"column":12},"end":{"line":297,"column":60}},"189":{"start":{"line":299,"column":12},"end":{"line":299,"column":34}},"190":{"start":{"line":300,"column":12},"end":{"line":312,"column":14}},"191":{"start":{"line":310,"column":16},"end":{"line":310,"column":34}},"192":{"start":{"line":311,"column":16},"end":{"line":311,"column":37}},"193":{"start":{"line":316,"column":0},"end":{"line":323,"column":1}},"194":{"start":{"line":317,"column":4},"end":{"line":322,"column":7}},"195":{"start":{"line":319,"column":8},"end":{"line":319,"column":59}},"196":{"start":{"line":320,"column":8},"end":{"line":320,"column":32}},"197":{"start":{"line":321,"column":8},"end":{"line":321,"column":29}},"198":{"start":{"line":325,"column":0},"end":{"line":330,"column":1}},"199":{"start":{"line":326,"column":4},"end":{"line":329,"column":6}},"200":{"start":{"line":327,"column":8},"end":{"line":327,"column":33}},"201":{"start":{"line":328,"column":8},"end":{"line":328,"column":22}},"202":{"start":{"line":331,"column":0},"end":{"line":334,"column":1}},"203":{"start":{"line":332,"column":4},"end":{"line":332,"column":17}},"204":{"start":{"line":333,"column":4},"end":{"line":333,"column":26}},"205":{"start":{"line":338,"column":0},"end":{"line":338,"column":24}},"206":{"start":{"line":339,"column":0},"end":{"line":339,"column":35}},"207":{"start":{"line":340,"column":0},"end":{"line":340,"column":37}}},"branchMap":{"1":{"line":50,"type":"if","locations":[{"start":{"line":50,"column":12},"end":{"line":50,"column":12}},{"start":{"line":50,"column":12},"end":{"line":50,"column":12}}]},"2":{"line":80,"type":"if","locations":[{"start":{"line":80,"column":12},"end":{"line":80,"column":12}},{"start":{"line":80,"column":12},"end":{"line":80,"column":12}}]},"3":{"line":110,"type":"if","locations":[{"start":{"line":110,"column":12},"end":{"line":110,"column":12}},{"start":{"line":110,"column":12},"end":{"line":110,"column":12}}]},"4":{"line":279,"type":"if","locations":[{"start":{"line":279,"column":12},"end":{"line":279,"column":12}},{"start":{"line":279,"column":12},"end":{"line":279,"column":12}}]}}}}