TN:
SF:/Users/davide/Sites/mongoprofile/mongoprofile/app.js
FN:30,(anonymous_1)
FN:37,(anonymous_2)
FN:48,(anonymous_3)
FNF:3
FNH:0
FNDA:0,(anonymous_1)
FNDA:0,(anonymous_2)
FNDA:0,(anonymous_3)
DA:1,1
DA:2,1
DA:3,1
DA:4,1
DA:5,1
DA:6,1
DA:8,1
DA:12,1
DA:15,1
DA:16,1
DA:20,1
DA:21,1
DA:22,1
DA:23,1
DA:24,1
DA:26,1
DA:30,1
DA:31,0
DA:32,0
DA:33,0
DA:36,1
DA:37,1
DA:38,0
DA:39,0
DA:48,1
DA:49,0
DA:50,0
DA:57,1
LF:28
LH:21
BRDA:36,1,0,1
BRDA:36,1,1,0
BRDA:38,2,0,0
BRDA:38,2,1,0
BRDA:49,3,0,0
BRDA:49,3,1,0
BRF:6
BRH:1
end_of_record
TN:
SF:/Users/davide/Sites/mongoprofile/mongoprofile/routes/index.js
FN:14,(anonymous_1)
FN:17,(anonymous_2)
FN:24,(anonymous_3)
FN:33,(anonymous_4)
FN:40,(anonymous_5)
FN:52,(anonymous_6)
FN:57,(anonymous_7)
FN:61,(anonymous_8)
FN:68,(anonymous_9)
FN:82,(anonymous_10)
FN:88,(anonymous_11)
FN:96,(anonymous_12)
FN:113,(anonymous_13)
FN:116,(anonymous_14)
FN:123,(anonymous_15)
FN:126,(anonymous_16)
FN:134,(anonymous_17)
FN:144,(anonymous_18)
FN:148,(anonymous_19)
FN:156,(anonymous_20)
FN:160,(anonymous_21)
FN:167,(anonymous_22)
FN:172,(anonymous_23)
FN:174,(anonymous_24)
FN:179,(anonymous_25)
FN:186,(anonymous_26)
FN:188,(anonymous_27)
FN:195,(anonymous_28)
FN:201,(anonymous_29)
FN:203,(anonymous_30)
FN:212,(anonymous_31)
FN:213,(anonymous_32)
FN:226,(anonymous_33)
FN:230,(anonymous_34)
FN:233,(anonymous_35)
FN:236,(anonymous_36)
FN:243,(anonymous_37)
FN:246,(anonymous_38)
FN:248,(anonymous_39)
FN:255,(anonymous_40)
FN:256,(anonymous_41)
FN:261,(anonymous_42)
FN:266,(anonymous_43)
FN:273,(anonymous_44)
FN:287,(anonymous_45)
FN:294,(anonymous_46)
FN:309,(anonymous_47)
FN:316,(anonymous_48)
FN:317,(anonymous_49)
FN:325,(anonymous_50)
FN:326,(anonymous_51)
FN:331,(anonymous_52)
FNF:52
FNH:42
FNDA:1,(anonymous_1)
FNDA:1,(anonymous_2)
FNDA:1,(anonymous_3)
FNDA:1,(anonymous_4)
FNDA:1,(anonymous_5)
FNDA:0,(anonymous_6)
FNDA:1,(anonymous_7)
FNDA:1,(anonymous_8)
FNDA:1,(anonymous_9)
FNDA:0,(anonymous_10)
FNDA:1,(anonymous_11)
FNDA:1,(anonymous_12)
FNDA:0,(anonymous_13)
FNDA:0,(anonymous_14)
FNDA:1,(anonymous_15)
FNDA:1,(anonymous_16)
FNDA:1,(anonymous_17)
FNDA:1,(anonymous_18)
FNDA:1,(anonymous_19)
FNDA:1,(anonymous_20)
FNDA:1,(anonymous_21)
FNDA:1,(anonymous_22)
FNDA:1,(anonymous_23)
FNDA:1,(anonymous_24)
FNDA:1,(anonymous_25)
FNDA:1,(anonymous_26)
FNDA:1,(anonymous_27)
FNDA:1,(anonymous_28)
FNDA:1,(anonymous_29)
FNDA:1,(anonymous_30)
FNDA:1,(anonymous_31)
FNDA:1,(anonymous_32)
FNDA:1,(anonymous_33)
FNDA:1,(anonymous_34)
FNDA:1,(anonymous_35)
FNDA:1,(anonymous_36)
FNDA:1,(anonymous_37)
FNDA:1,(anonymous_38)
FNDA:1,(anonymous_39)
FNDA:0,(anonymous_40)
FNDA:0,(anonymous_41)
FNDA:1,(anonymous_42)
FNDA:1,(anonymous_43)
FNDA:1,(anonymous_44)
FNDA:1,(anonymous_45)
FNDA:0,(anonymous_46)
FNDA:0,(anonymous_47)
FNDA:4,(anonymous_48)
FNDA:4,(anonymous_49)
FNDA:0,(anonymous_50)
FNDA:0,(anonymous_51)
FNDA:2,(anonymous_52)
DA:1,1
DA:2,1
DA:4,1
DA:5,1
DA:7,1
DA:8,1
DA:9,1
DA:11,1
DA:14,1
DA:15,1
DA:17,1
DA:19,1
DA:24,1
DA:26,1
DA:27,1
DA:29,1
DA:30,1
DA:31,1
DA:33,1
DA:34,1
DA:35,1
DA:40,1
DA:42,1
DA:43,1
DA:45,1
DA:46,1
DA:47,1
DA:49,1
DA:50,1
DA:51,0
DA:52,0
DA:53,0
DA:57,1
DA:58,1
DA:61,1
DA:62,1
DA:68,1
DA:70,1
DA:71,1
DA:73,1
DA:74,1
DA:75,1
DA:77,1
DA:78,1
DA:79,1
DA:80,1
DA:81,0
DA:82,0
DA:83,0
DA:84,0
DA:88,1
DA:89,1
DA:90,1
DA:96,1
DA:97,1
DA:98,1
DA:99,1
DA:100,1
DA:101,1
DA:103,1
DA:104,1
DA:106,1
DA:107,1
DA:109,1
DA:110,1
DA:111,0
DA:113,0
DA:114,0
DA:115,0
DA:116,0
DA:118,0
DA:123,1
DA:124,1
DA:125,1
DA:126,1
DA:128,1
DA:134,1
DA:135,1
DA:136,1
DA:137,1
DA:138,1
DA:139,1
DA:140,1
DA:142,1
DA:143,1
DA:144,1
DA:145,1
DA:146,1
DA:147,1
DA:148,1
DA:149,1
DA:150,1
DA:156,1
DA:157,1
DA:158,1
DA:159,1
DA:160,1
DA:161,1
DA:162,1
DA:163,1
DA:167,1
DA:168,1
DA:169,1
DA:170,1
DA:171,1
DA:172,1
DA:173,1
DA:174,1
DA:175,1
DA:179,1
DA:180,1
DA:181,1
DA:182,1
DA:183,1
DA:184,1
DA:185,1
DA:186,1
DA:187,1
DA:188,1
DA:189,1
DA:195,1
DA:196,1
DA:197,1
DA:198,1
DA:199,1
DA:200,1
DA:201,1
DA:202,1
DA:203,1
DA:204,1
DA:212,1
DA:213,1
DA:214,1
DA:215,1
DA:216,1
DA:217,1
DA:221,1
DA:222,1
DA:226,1
DA:227,1
DA:228,1
DA:229,1
DA:230,1
DA:231,1
DA:233,1
DA:234,1
DA:236,1
DA:237,1
DA:238,1
DA:243,1
DA:244,1
DA:245,1
DA:246,1
DA:247,1
DA:248,1
DA:249,1
DA:250,1
DA:255,1
DA:256,0
DA:257,0
DA:261,1
DA:262,1
DA:263,1
DA:264,1
DA:265,1
DA:266,1
DA:267,1
DA:268,1
DA:269,1
DA:273,1
DA:274,1
DA:275,1
DA:276,1
DA:277,1
DA:279,1
DA:280,1
DA:282,0
DA:284,1
DA:285,1
DA:286,1
DA:287,1
DA:288,1
DA:289,1
DA:290,1
DA:294,1
DA:295,0
DA:296,0
DA:297,0
DA:299,0
DA:300,0
DA:310,0
DA:311,0
DA:316,1
DA:317,4
DA:319,4
DA:320,4
DA:321,4
DA:325,1
DA:326,0
DA:327,0
DA:328,0
DA:331,1
DA:332,2
DA:333,2
DA:338,1
DA:339,1
DA:340,1
LF:207
LH:181
BRDA:50,1,0,0
BRDA:50,1,1,1
BRDA:80,2,0,0
BRDA:80,2,1,1
BRDA:110,3,0,0
BRDA:110,3,1,1
BRDA:279,4,0,1
BRDA:279,4,1,0
BRF:8
BRH:4
end_of_record
